<?xml version="1.0" encoding="UTF-8"?>
<!-- Generated by org.testng.reporters.JUnitReportReporter -->
<testsuite hostname="DESKTOP-DNN5DHK" failures="0" tests="1" name="driverFactory.AppTest" time="65.836" errors="0" timestamp="2024-07-15T13:33:11 IST" skipped="0">
  <testcase classname="driverFactory.AppTest" name="kickStart" time="65.836">
    <system-out>
      <![CDATA[[[ChromeDriver: chrome on windows (51dbe5c19ce364a544876f3bafe56251)] -> xpath: //table[@class ='table ewTable']/tbody/tr[1]/td[8]/div/span/span] Stock-000002163]]>
    </system-out>
  </testcase> <!-- kickStart -->
  <system-out>
    <![CDATA[[[ChromeDriver: chrome on windows (51dbe5c19ce364a544876f3bafe56251)] -> xpath: //table[@class ='table ewTable']/tbody/tr[1]/td[8]/div/span/span] Stock-000002163]]>
  </system-out>
</testsuite> <!-- driverFactory.AppTest -->
