<?xml version="1.0" encoding="UTF-8"?>
<!-- Generated by org.testng.reporters.JUnitReportReporter -->
<testsuite hostname="DESKTOP-DNN5DHK" failures="0" tests="1" name="driverFactory.AppTest" time="65.482" errors="0" timestamp="2024-07-10T15:28:26 IST" skipped="0">
  <testcase classname="driverFactory.AppTest" name="kickStart" time="65.482">
    <system-out>
      <![CDATA[[[ChromeDriver: chrome on windows (4e46f094936621317ba4ac7bac2d2a87)] -> xpath: //table[@class ='table ewTable']/tbody/tr[1]/td[8]/div/span/span] Stock-000002125]]>
    </system-out>
  </testcase> <!-- kickStart -->
  <system-out>
    <![CDATA[[[ChromeDriver: chrome on windows (4e46f094936621317ba4ac7bac2d2a87)] -> xpath: //table[@class ='table ewTable']/tbody/tr[1]/td[8]/div/span/span] Stock-000002125]]>
  </system-out>
</testsuite> <!-- driverFactory.AppTest -->
